InputMonitor.obj : error LNK2019: unresolved external symbol _glfwSetInputMode referenced in function "private: __thiscall InputMonitor::InputMonitor(void)" (??0InputMonitor@@AAE@XZ)
InputMonitor.obj : error LNK2019: unresolved external symbol _glfwGetKey referenced in function "public: bool __thiscall InputMonitor::GetKeyDown(int)" (?GetKeyDown@InputMonitor@@QAE_NH@Z)
main2.obj : error LNK2001: unresolved external symbol _glfwGetKey
Program.obj : error LNK2001: unresolved external symbol _glfwGetKey
InputMonitor.obj : error LNK2019: unresolved external symbol _glfwGetCursorPos referenced in function "private: __thiscall InputMonitor::InputMonitor(void)" (??0InputMonitor@@AAE@XZ)
InputMonitor.obj : error LNK2019: unresolved external symbol _glfwGetCurrentContext referenced in function "private: __thiscall InputMonitor::InputMonitor(void)" (??0InputMonitor@@AAE@XZ)
main2.obj : error LNK2019: unresolved external symbol _glfwInit referenced in function "int __cdecl main2(void)" (?main2@@YAHXZ)
Program.obj : error LNK2001: unresolved external symbol _glfwInit
main2.obj : error LNK2019: unresolved external symbol _glfwTerminate referenced in function "int __cdecl main2(void)" (?main2@@YAHXZ)
Program.obj : error LNK2001: unresolved external symbol _glfwTerminate
main2.obj : error LNK2019: unresolved external symbol _glfwCreateWindow referenced in function "int __cdecl main2(void)" (?main2@@YAHXZ)
Program.obj : error LNK2001: unresolved external symbol _glfwCreateWindow
main2.obj : error LNK2019: unresolved external symbol _glfwDestroyWindow referenced in function "int __cdecl main2(void)" (?main2@@YAHXZ)
Program.obj : error LNK2001: unresolved external symbol _glfwDestroyWindow
main2.obj : error LNK2019: unresolved external symbol _glfwWindowShouldClose referenced in function "int __cdecl main2(void)" (?main2@@YAHXZ)
Program.obj : error LNK2001: unresolved external symbol _glfwWindowShouldClose
main2.obj : error LNK2019: unresolved external symbol _glfwPollEvents referenced in function "int __cdecl main2(void)" (?main2@@YAHXZ)
Program.obj : error LNK2001: unresolved external symbol _glfwPollEvents
main2.obj : error LNK2019: unresolved external symbol _glfwMakeContextCurrent referenced in function "int __cdecl main2(void)" (?main2@@YAHXZ)
Program.obj : error LNK2001: unresolved external symbol _glfwMakeContextCurrent
main2.obj : error LNK2019: unresolved external symbol _glfwSwapBuffers referenced in function "int __cdecl main2(void)" (?main2@@YAHXZ)
Program.obj : error LNK2001: unresolved external symbol _glfwSwapBuffers
Program.obj : error LNK2019: unresolved external symbol _glfwWindowHint referenced in function "public: int __thiscall Program::Run(void)" (?Run@Program@@QAEHXZ)
Program.obj : error LNK2019: unresolved external symbol _glfwGetTime referenced in function "public: int __thiscall Program::Run(void)" (?Run@Program@@QAEHXZ)
RendererProgram.obj : error LNK2001: unresolved external symbol _glfwGetTime
C:\Users\ATWindows7\Documents\Repositories\180514_OpenGLRenderer\LIB\GLFW\glfw3.lib : warning LNK4272: library machine type 'x64' conflicts with target machine type 'x86'
C:\Users\ATWindows7\Documents\Repositories\180514_OpenGLRenderer\180514_OpenGLRenderer\BUILD\RendererProgram_Debug_Win32.exe : fatal error LNK1120: 14 unresolved externals
