c:\users\atwindows7\documents\repositories\180514_openglrenderer\180514_openglrenderer\x64\debug\vc141.pdb
c:\users\atwindows7\documents\repositories\180514_openglrenderer\180514_openglrenderer\x64\debug\vc141.idb
c:\users\atwindows7\documents\repositories\180514_openglrenderer\180514_openglrenderer\x64\debug\transform.obj
c:\users\atwindows7\documents\repositories\180514_openglrenderer\180514_openglrenderer\x64\debug\texturewrapper.obj
c:\users\atwindows7\documents\repositories\180514_openglrenderer\180514_openglrenderer\x64\debug\shaderwrapper.obj
c:\users\atwindows7\documents\repositories\180514_openglrenderer\180514_openglrenderer\x64\debug\rendererprogram.obj
c:\users\atwindows7\documents\repositories\180514_openglrenderer\180514_openglrenderer\x64\debug\rendercamera.obj
c:\users\atwindows7\documents\repositories\180514_openglrenderer\180514_openglrenderer\x64\debug\model.obj
c:\users\atwindows7\documents\repositories\180514_openglrenderer\180514_openglrenderer\x64\debug\phonglight.obj
c:\users\atwindows7\documents\repositories\180514_openglrenderer\180514_openglrenderer\x64\debug\program.obj
c:\users\atwindows7\documents\repositories\180514_openglrenderer\180514_openglrenderer\x64\debug\mesh.obj
c:\users\atwindows7\documents\repositories\180514_openglrenderer\180514_openglrenderer\x64\debug\phonglight_spot.obj
c:\users\atwindows7\documents\repositories\180514_openglrenderer\180514_openglrenderer\x64\debug\phonglight_point.obj
c:\users\atwindows7\documents\repositories\180514_openglrenderer\180514_openglrenderer\x64\debug\phonglight_dir.obj
c:\users\atwindows7\documents\repositories\180514_openglrenderer\180514_openglrenderer\x64\debug\main.obj
c:\users\atwindows7\documents\repositories\180514_openglrenderer\180514_openglrenderer\x64\debug\main2.obj
c:\users\atwindows7\documents\repositories\180514_openglrenderer\180514_openglrenderer\x64\debug\inputmonitor.obj
c:\users\atwindows7\documents\repositories\180514_openglrenderer\180514_openglrenderer\x64\debug\gizmos.obj
c:\users\atwindows7\documents\repositories\180514_openglrenderer\180514_openglrenderer\x64\debug\imgui_impl_glfw_gl3.obj
c:\users\atwindows7\documents\repositories\180514_openglrenderer\180514_openglrenderer\x64\debug\imgui_draw.obj
c:\users\atwindows7\documents\repositories\180514_openglrenderer\180514_openglrenderer\x64\debug\imgui_demo.obj
c:\users\atwindows7\documents\repositories\180514_openglrenderer\180514_openglrenderer\x64\debug\imgui.obj
c:\users\atwindows7\documents\repositories\180514_openglrenderer\180514_openglrenderer\x64\debug\vertexformat.obj
c:\users\atwindows7\documents\repositories\180514_openglrenderer\180514_openglrenderer\x64\debug\gl_core_4_4.obj
c:\users\atwindows7\documents\repositories\180514_openglrenderer\180514_openglrenderer\x64\debug\texture.obj
c:\users\atwindows7\documents\repositories\180514_openglrenderer\180514_openglrenderer\x64\debug\rendertexture.obj
c:\users\atwindows7\documents\repositories\180514_openglrenderer\180514_openglrenderer\x64\debug\texturewrapperbase.obj
c:\users\atwindows7\documents\repositories\180514_openglrenderer\180514_openglrenderer\build\rendererprogram_debug_x64.exe
c:\users\atwindows7\documents\repositories\180514_openglrenderer\180514_openglrenderer\build\rendererprogram_debug_x64.ilk
c:\users\atwindows7\documents\repositories\180514_openglrenderer\180514_openglrenderer\build\rendererprogram_debug_x64.pdb
c:\users\atwindows7\documents\repositories\180514_openglrenderer\180514_openglrenderer\x64\debug\material.obj
c:\users\atwindows7\documents\repositories\180514_openglrenderer\180514_openglrenderer\x64\debug\texturewrapper.obj.enc
c:\users\atwindows7\documents\repositories\180514_openglrenderer\180514_openglrenderer\x64\debug\180514_o.d455783d.tlog\cl.command.1.tlog
c:\users\atwindows7\documents\repositories\180514_openglrenderer\180514_openglrenderer\x64\debug\180514_o.d455783d.tlog\cl.read.1.tlog
c:\users\atwindows7\documents\repositories\180514_openglrenderer\180514_openglrenderer\x64\debug\180514_o.d455783d.tlog\cl.write.1.tlog
c:\users\atwindows7\documents\repositories\180514_openglrenderer\180514_openglrenderer\x64\debug\180514_o.d455783d.tlog\link.command.1.tlog
c:\users\atwindows7\documents\repositories\180514_openglrenderer\180514_openglrenderer\x64\debug\180514_o.d455783d.tlog\link.read.1.tlog
c:\users\atwindows7\documents\repositories\180514_openglrenderer\180514_openglrenderer\x64\debug\180514_o.d455783d.tlog\link.write.1.tlog
